<?xml version="1.0" encoding="UTF-8"?>
<!-- Generated by org.testng.reporters.JUnitXMLReporter -->
<testsuite ignored="0" hostname="DESKTOP-A8CGM4F" failures="0" tests="11" name="RegistrationTest-30" time="205.591" errors="0" timestamp="2025-05-25T15:26:29 MSK">
  <testcase classname="smoke.test.Registration" name="loadPage" time="0.0">
    <skipped/>
  </testcase> <!-- loadPage -->
  <testcase classname="smoke.test.Registration" name="auth" time="0.0">
    <skipped/>
  </testcase> <!-- auth -->
  <testcase classname="smoke.test.Registration" name="RegistrationApplication" time="0.0">
    <skipped/>
  </testcase> <!-- RegistrationApplication -->
  <testcase classname="smoke.test.Registration" name="Step_1" time="0.0">
    <skipped/>
  </testcase> <!-- Step_1 -->
  <testcase classname="smoke.test.Registration" name="Step_2" time="0.0">
    <skipped/>
  </testcase> <!-- Step_2 -->
  <testcase classname="smoke.test.Registration" name="Step_3" time="0.0">
    <skipped/>
  </testcase> <!-- Step_3 -->
  <testcase classname="smoke.test.Registration" name="Step_4" time="0.0">
    <skipped/>
  </testcase> <!-- Step_4 -->
  <testcase classname="smoke.test.Registration" name="Step_5" time="0.0">
    <skipped/>
  </testcase> <!-- Step_5 -->
  <testcase classname="smoke.test.Registration" name="Step_6" time="0.0">
    <skipped/>
  </testcase> <!-- Step_6 -->
  <testcase classname="smoke.test.Registration" name="Step_7" time="0.0">
    <skipped/>
  </testcase> <!-- Step_7 -->
  <testcase classname="smoke.test.Registration" name="Step_8" time="0.0">
    <skipped/>
  </testcase> <!-- Step_8 -->
</testsuite> <!-- RegistrationTest-30 -->
