<?xml version="1.0" encoding="UTF-8"?>
<!-- Generated by org.testng.reporters.JUnitXMLReporter -->
<testsuite ignored="0" hostname="DESKTOP-A8CGM4F" failures="0" tests="11" name="RegistrationTest" time="31.235" errors="0" timestamp="2025-05-25T14:44:40 MSK">
  <testcase classname="smoke.test.Registration" name="loadPage" time="2.873"/>
  <testcase classname="smoke.test.Registration" name="auth" time="4.483"/>
  <testcase classname="smoke.test.Registration" name="RegistrationApplication" time="6.479"/>
  <testcase classname="smoke.test.Registration" name="Step_1" time="1.505"/>
  <testcase classname="smoke.test.Registration" name="Step_2" time="1.247"/>
  <testcase classname="smoke.test.Registration" name="Step_3" time="1.459"/>
  <testcase classname="smoke.test.Registration" name="Step_4" time="1.499"/>
  <testcase classname="smoke.test.Registration" name="Step_5" time="1.338"/>
  <testcase classname="smoke.test.Registration" name="Step_6" time="3.645"/>
  <testcase classname="smoke.test.Registration" name="Step_7" time="3.007"/>
  <testcase classname="smoke.test.Registration" name="Step_8" time="0.864"/>
</testsuite> <!-- RegistrationTest -->
