<?xml version="1.0" encoding="UTF-8"?>
<testsuite xmlns:xsi="http://www.w3.org/2001/XMLSchema-instance" xsi:noNamespaceSchemaLocation="https://maven.apache.org/surefire/maven-surefire-plugin/xsd/surefire-test-report-3.0.xsd" version="3.0" name="TestSuite" time="85.544" tests="56" errors="0" skipped="0" failures="0">
  <properties>
[...]
</properties>
  <testcase name="loadPage" classname="smoke.test.Registration.RegistrationClassic" time="1.757"/>
  <testcase name="auth" classname="smoke.test.Registration.RegistrationClassic" time="0.128"/>
  <testcase name="registrationApplication" classname="smoke.test.Registration.RegistrationClassic" time="1.069"/>
  <testcase name="clearFields" classname="smoke.test.Registration.RegistrationClassic" time="0.364"/>
  <testcase name="step_1" classname="smoke.test.Registration.RegistrationClassic" time="0.424"/>
  <testcase name="step_2" classname="smoke.test.Registration.RegistrationClassic" time="0.823"/>
  <testcase name="step_3" classname="smoke.test.Registration.RegistrationClassic" time="0.889"/>
  <testcase name="step_4" classname="smoke.test.Registration.RegistrationClassic" time="0.731"/>
  <testcase name="step_5" classname="smoke.test.Registration.RegistrationClassic" time="0.712"/>
  <testcase name="step_6" classname="smoke.test.Registration.RegistrationClassic" time="0.769"/>
  <testcase name="step_7" classname="smoke.test.Registration.RegistrationClassic" time="3.151"/>
  <testcase name="step_8" classname="smoke.test.Registration.RegistrationClassic" time="0.653"/>
  <testcase name="loadPage" classname="smoke.test.Registration.RegistrationMandatoryFields" time="3.628"/>
  <testcase name="auth" classname="smoke.test.Registration.RegistrationMandatoryFields" time="0.119"/>
  <testcase name="registrationApplication" classname="smoke.test.Registration.RegistrationMandatoryFields" time="1.063"/>
  <testcase name="clearFieldsStep_1_NotError" classname="smoke.test.Registration.RegistrationMandatoryFields" time="0.354"/>
  <testcase name="hintsOnStep_1" classname="smoke.test.Registration.RegistrationMandatoryFields" time="2.069"/>
  <testcase name="step_1" classname="smoke.test.Registration.RegistrationMandatoryFields" time="0.412"/>
  <testcase name="hintsOnStep_2" classname="smoke.test.Registration.RegistrationMandatoryFields" time="2.62"/>
  <testcase name="step_2" classname="smoke.test.Registration.RegistrationMandatoryFields" time="0.282"/>
  <testcase name="hintsOnStep_3" classname="smoke.test.Registration.RegistrationMandatoryFields" time="2.598"/>
  <testcase name="step_3" classname="smoke.test.Registration.RegistrationMandatoryFields" time="0.362"/>
  <testcase name="hintsOnStep_4" classname="smoke.test.Registration.RegistrationMandatoryFields" time="2.569"/>
  <testcase name="step_4" classname="smoke.test.Registration.RegistrationMandatoryFields" time="0.196"/>
  <testcase name="hintsOnStep_5" classname="smoke.test.Registration.RegistrationMandatoryFields" time="2.582"/>
  <testcase name="step_5" classname="smoke.test.Registration.RegistrationMandatoryFields" time="0.183"/>
  <testcase name="hintsOnStep_6" classname="smoke.test.Registration.RegistrationMandatoryFields" time="4.067"/>
  <testcase name="step_6" classname="smoke.test.Registration.RegistrationMandatoryFields" time="0.245"/>
  <testcase name="hintsOnStep_7" classname="smoke.test.Registration.RegistrationMandatoryFields" time="2.749"/>
  <testcase name="step_7" classname="smoke.test.Registration.RegistrationMandatoryFields" time="0.662"/>
  <testcase name="hintsOnStep_8" classname="smoke.test.Registration.RegistrationMandatoryFields" time="2.56"/>
  <testcase name="step_8" classname="smoke.test.Registration.RegistrationMandatoryFields" time="0.121"/>
  <testcase name="loadPage" classname="smoke.test.Registration.RegistrationComparisonFields" time="5.989"/>
  <testcase name="auth" classname="smoke.test.Registration.RegistrationComparisonFields" time="0.111"/>
  <testcase name="registrationApplication" classname="smoke.test.Registration.RegistrationComparisonFields" time="0.955"/>
  <testcase name="clearFields" classname="smoke.test.Registration.RegistrationComparisonFields" time="0.329"/>
  <testcase name="step_1" classname="smoke.test.Registration.RegistrationComparisonFields" time="0.403"/>
  <testcase name="step_2" classname="smoke.test.Registration.RegistrationComparisonFields" time="0.796"/>
  <testcase name="step_3" classname="smoke.test.Registration.RegistrationComparisonFields" time="0.862"/>
  <testcase name="step_4" classname="smoke.test.Registration.RegistrationComparisonFields" time="0.714"/>
  <testcase name="step_5" classname="smoke.test.Registration.RegistrationComparisonFields" time="0.694"/>
  <testcase name="step_6" classname="smoke.test.Registration.RegistrationComparisonFields" time="0.757"/>
  <testcase name="step_7" classname="smoke.test.Registration.RegistrationComparisonFields" time="2.529"/>
  <testcase name="step_8" classname="smoke.test.Registration.RegistrationComparisonFields" time="0.637"/>
  <testcase name="examinationStep_1" classname="smoke.test.Registration.RegistrationComparisonFields" time="5.121"/>
  <testcase name="examinationStep_2" classname="smoke.test.Registration.RegistrationComparisonFields" time="0.056"/>
  <testcase name="examinationStep_3" classname="smoke.test.Registration.RegistrationComparisonFields" time="2.103"/>
  <testcase name="examinationStep_4" classname="smoke.test.Registration.RegistrationComparisonFields" time="2.058"/>
  <testcase name="examinationStep_5" classname="smoke.test.Registration.RegistrationComparisonFields" time="0.01"/>
  <testcase name="examinationStep_6" classname="smoke.test.Registration.RegistrationComparisonFields" time="0.653"/>
  <testcase name="examinationStep_7" classname="smoke.test.Registration.RegistrationComparisonFields" time="5.053"/>
  <testcase name="examinationStep_8" classname="smoke.test.Registration.RegistrationComparisonFields" time="5.072"/>
  <testcase name="loadPage" classname="smoke.test.CheckDuplicateSpecialties" time="3.088"/>
  <testcase name="auth" classname="smoke.test.CheckDuplicateSpecialties" time="0.107"/>
  <testcase name="receptionPlan" classname="smoke.test.CheckDuplicateSpecialties" time="1.008"/>
  <testcase name="addSpecialty" classname="smoke.test.CheckDuplicateSpecialties" time="1.921">
    <system-out><![CDATA[Проверка пройдена, повторное создание организации не доступно
]]></system-out>
  </testcase>
</testsuite>