<?xml version="1.0" encoding="UTF-8"?>
<!-- Generated by org.testng.reporters.JUnitXMLReporter -->
<testsuite ignored="0" hostname="HW-CIT531-10" failures="0" tests="56" name="Smoke Test" time="85.086" errors="0" timestamp="2025-06-16T11:17:45 MSK">
  <testcase classname="smoke.test.Registration.RegistrationClassic" name="loadPage" time="1.721"/>
  <testcase classname="smoke.test.Registration.RegistrationClassic" name="auth" time="0.128"/>
  <testcase classname="smoke.test.Registration.RegistrationClassic" name="registrationApplication" time="1.068"/>
  <testcase classname="smoke.test.Registration.RegistrationClassic" name="clearFields" time="0.364"/>
  <testcase classname="smoke.test.Registration.RegistrationClassic" name="step_1" time="0.423"/>
  <testcase classname="smoke.test.Registration.RegistrationClassic" name="step_2" time="0.822"/>
  <testcase classname="smoke.test.Registration.RegistrationClassic" name="step_3" time="0.888"/>
  <testcase classname="smoke.test.Registration.RegistrationClassic" name="step_4" time="0.731"/>
  <testcase classname="smoke.test.Registration.RegistrationClassic" name="step_5" time="0.711"/>
  <testcase classname="smoke.test.Registration.RegistrationClassic" name="step_6" time="0.769"/>
  <testcase classname="smoke.test.Registration.RegistrationClassic" name="step_7" time="3.151"/>
  <testcase classname="smoke.test.Registration.RegistrationClassic" name="step_8" time="0.652"/>
  <testcase classname="smoke.test.Registration.RegistrationMandatoryFields" name="loadPage" time="3.628"/>
  <testcase classname="smoke.test.Registration.RegistrationMandatoryFields" name="auth" time="0.118"/>
  <testcase classname="smoke.test.Registration.RegistrationMandatoryFields" name="registrationApplication" time="1.063"/>
  <testcase classname="smoke.test.Registration.RegistrationMandatoryFields" name="clearFieldsStep_1_NotError" time="0.353"/>
  <testcase classname="smoke.test.Registration.RegistrationMandatoryFields" name="hintsOnStep_1" time="2.068"/>
  <testcase classname="smoke.test.Registration.RegistrationMandatoryFields" name="step_1" time="0.412"/>
  <testcase classname="smoke.test.Registration.RegistrationMandatoryFields" name="hintsOnStep_2" time="2.618"/>
  <testcase classname="smoke.test.Registration.RegistrationMandatoryFields" name="step_2" time="0.281"/>
  <testcase classname="smoke.test.Registration.RegistrationMandatoryFields" name="hintsOnStep_3" time="2.598"/>
  <testcase classname="smoke.test.Registration.RegistrationMandatoryFields" name="step_3" time="0.361"/>
  <testcase classname="smoke.test.Registration.RegistrationMandatoryFields" name="hintsOnStep_4" time="2.568"/>
  <testcase classname="smoke.test.Registration.RegistrationMandatoryFields" name="step_4" time="0.195"/>
  <testcase classname="smoke.test.Registration.RegistrationMandatoryFields" name="hintsOnStep_5" time="2.582"/>
  <testcase classname="smoke.test.Registration.RegistrationMandatoryFields" name="step_5" time="0.183"/>
  <testcase classname="smoke.test.Registration.RegistrationMandatoryFields" name="hintsOnStep_6" time="4.067"/>
  <testcase classname="smoke.test.Registration.RegistrationMandatoryFields" name="step_6" time="0.244"/>
  <testcase classname="smoke.test.Registration.RegistrationMandatoryFields" name="hintsOnStep_7" time="2.748"/>
  <testcase classname="smoke.test.Registration.RegistrationMandatoryFields" name="step_7" time="0.662"/>
  <testcase classname="smoke.test.Registration.RegistrationMandatoryFields" name="hintsOnStep_8" time="2.559"/>
  <testcase classname="smoke.test.Registration.RegistrationMandatoryFields" name="step_8" time="0.12"/>
  <testcase classname="smoke.test.Registration.RegistrationComparisonFields" name="loadPage" time="5.989"/>
  <testcase classname="smoke.test.Registration.RegistrationComparisonFields" name="auth" time="0.11"/>
  <testcase classname="smoke.test.Registration.RegistrationComparisonFields" name="registrationApplication" time="0.955"/>
  <testcase classname="smoke.test.Registration.RegistrationComparisonFields" name="clearFields" time="0.328"/>
  <testcase classname="smoke.test.Registration.RegistrationComparisonFields" name="step_1" time="0.402"/>
  <testcase classname="smoke.test.Registration.RegistrationComparisonFields" name="step_2" time="0.796"/>
  <testcase classname="smoke.test.Registration.RegistrationComparisonFields" name="step_3" time="0.862"/>
  <testcase classname="smoke.test.Registration.RegistrationComparisonFields" name="step_4" time="0.713"/>
  <testcase classname="smoke.test.Registration.RegistrationComparisonFields" name="step_5" time="0.693"/>
  <testcase classname="smoke.test.Registration.RegistrationComparisonFields" name="step_6" time="0.756"/>
  <testcase classname="smoke.test.Registration.RegistrationComparisonFields" name="step_7" time="2.528"/>
  <testcase classname="smoke.test.Registration.RegistrationComparisonFields" name="step_8" time="0.637"/>
  <testcase classname="smoke.test.Registration.RegistrationComparisonFields" name="examinationStep_1" time="5.121"/>
  <testcase classname="smoke.test.Registration.RegistrationComparisonFields" name="examinationStep_2" time="0.055"/>
  <testcase classname="smoke.test.Registration.RegistrationComparisonFields" name="examinationStep_3" time="2.102"/>
  <testcase classname="smoke.test.Registration.RegistrationComparisonFields" name="examinationStep_4" time="2.058"/>
  <testcase classname="smoke.test.Registration.RegistrationComparisonFields" name="examinationStep_5" time="0.01"/>
  <testcase classname="smoke.test.Registration.RegistrationComparisonFields" name="examinationStep_6" time="0.652"/>
  <testcase classname="smoke.test.Registration.RegistrationComparisonFields" name="examinationStep_7" time="5.054"/>
  <testcase classname="smoke.test.Registration.RegistrationComparisonFields" name="examinationStep_8" time="5.072"/>
  <testcase classname="smoke.test.CheckDuplicateSpecialties" name="loadPage" time="3.086"/>
  <testcase classname="smoke.test.CheckDuplicateSpecialties" name="auth" time="0.106"/>
  <testcase classname="smoke.test.CheckDuplicateSpecialties" name="receptionPlan" time="1.008"/>
  <testcase classname="smoke.test.CheckDuplicateSpecialties" name="addSpecialty" time="1.916"/>
</testsuite> <!-- Smoke Test -->
